Change Component Designator: Old Designator=BT? New Designator=BT1
Change Component Designator: Old Designator=C? New Designator=C1
Change Component Designator: Old Designator=C? New Designator=C31
Change Component Designator: Old Designator=C? New Designator=C32
Change Component Designator: Old Designator=C? New Designator=C33
Change Component Designator: Old Designator=C? New Designator=C34
Change Component Designator: Old Designator=C? New Designator=C47
Change Component Designator: Old Designator=C? New Designator=C48
Change Component Designator: Old Designator=C? New Designator=C49
Change Component Designator: Old Designator=C? New Designator=C50
Change Component Designator: Old Designator=C? New Designator=C51
Change Component Designator: Old Designator=C? New Designator=C52
Change Component Designator: Old Designator=C? New Designator=C53
Change Component Designator: Old Designator=C? New Designator=C54
Change Component Designator: Old Designator=C? New Designator=C55
Change Component Designator: Old Designator=C? New Designator=C56
Change Component Designator: Old Designator=C? New Designator=C57
Change Component Designator: Old Designator=C? New Designator=C58
Change Component Designator: Old Designator=C? New Designator=C59
Change Component Designator: Old Designator=C? New Designator=C60
Change Component Designator: Old Designator=C? New Designator=C61
Change Component Designator: Old Designator=C? New Designator=C62
Change Component Designator: Old Designator=C? New Designator=C63
Change Component Designator: Old Designator=C? New Designator=C64
Change Component Designator: Old Designator=C? New Designator=C65
Change Component Designator: Old Designator=C? New Designator=C66
Change Component Designator: Old Designator=C? New Designator=C67
Change Component Designator: Old Designator=C? New Designator=C68
Change Component Designator: Old Designator=Cboot_? New Designator=Cboot_3
Change Component Designator: Old Designator=Cboot_? New Designator=Cboot_4
Change Component Designator: Old Designator=Cin_? New Designator=Cin_1
Change Component Designator: Old Designator=Cin_? New Designator=Cin_2
Change Component Designator: Old Designator=Cinx_? New Designator=Cinx_1
Change Component Designator: Old Designator=Cinx_? New Designator=Cinx_2
Change Component Designator: Old Designator=Cinx_? New Designator=Cinx_3
Change Component Designator: Old Designator=Cinx_? New Designator=Cinx_4
Change Component Designator: Old Designator=Cout_? New Designator=Cout_1
Change Component Designator: Old Designator=Cout_? New Designator=Cout_2
Change Component Designator: Old Designator=Cout_? New Designator=Cout_3
Change Component Designator: Old Designator=Cout_? New Designator=Cout_4
Change Component Designator: Old Designator=Cout_? New Designator=Cout_5
Change Component Designator: Old Designator=Coutx_? New Designator=Coutx_1
Change Component Designator: Old Designator=Coutx_? New Designator=Coutx_2
Change Component Designator: Old Designator=Cvcc_? New Designator=Cvcc_1
Change Component Designator: Old Designator=Cvcc_? New Designator=Cvcc_2
Change Component Designator: Old Designator=L? New Designator=L5
Change Component Designator: Old Designator=L? New Designator=L6
Change Component Designator: Old Designator=L? New Designator=L7
Change Component Designator: Old Designator=Q? New Designator=Q5
Change Component Designator: Old Designator=Q? New Designator=Q6
Change Component Designator: Old Designator=Q? New Designator=Q7
Change Component Designator: Old Designator=Q? New Designator=Q8
Change Component Designator: Old Designator=Q? New Designator=Q9
Change Component Designator: Old Designator=R? New Designator=R3
Change Component Designator: Old Designator=R? New Designator=R19
Change Component Designator: Old Designator=R? New Designator=R32
Change Component Designator: Old Designator=R? New Designator=R33
Change Component Designator: Old Designator=R? New Designator=R42
Change Component Designator: Old Designator=R? New Designator=R43
Change Component Designator: Old Designator=R? New Designator=R44
Change Component Designator: Old Designator=R? New Designator=R45
Change Component Designator: Old Designator=R? New Designator=R46
Change Component Designator: Old Designator=R? New Designator=R47
Change Component Designator: Old Designator=R? New Designator=R48
Change Component Designator: Old Designator=R? New Designator=R49
Change Component Designator: Old Designator=R? New Designator=R50
Change Component Designator: Old Designator=R? New Designator=R51
Change Component Designator: Old Designator=R? New Designator=R52
Change Component Designator: Old Designator=Rfbb_? New Designator=Rfbb_1
Change Component Designator: Old Designator=Rfbb_? New Designator=Rfbb_2
Change Component Designator: Old Designator=Rfbt_? New Designator=Rfbt_1
Change Component Designator: Old Designator=Rfbt_? New Designator=Rfbt_2
Change Component Designator: Old Designator=Rpg_? New Designator=Rpg_1
Change Component Designator: Old Designator=Rpg_? New Designator=Rpg_2
Change Component Designator: Old Designator=TP? New Designator=TP15
Change Component Designator: Old Designator=TP? New Designator=TP16
Change Component Designator: Old Designator=TP? New Designator=TP17
Change Component Designator: Old Designator=TP? New Designator=TP18
Change Component Designator: Old Designator=TP? New Designator=TP19
Change Component Designator: Old Designator=TP? New Designator=TP20
Change Component Designator: Old Designator=TP? New Designator=TP21
Change Component Designator: Old Designator=TP? New Designator=TP22
Change Component Designator: Old Designator=TP? New Designator=TP23
Change Component Designator: Old Designator=TP? New Designator=TP24
Change Component Designator: Old Designator=TP? New Designator=TP25
Change Component Designator: Old Designator=TP? New Designator=TP26
Change Component Designator: Old Designator=TP? New Designator=TP27
