Change Component Parameter Comment in E2 Old= New=10118193-0001LF
Change Component Parameter Comment in E4 Old= New=10118193-0001LF
Change Component Parameter Comment in E3 Old= New=10118193-0001LF
Change Component Parameter Comment in E1 Old= New=10118193-0001LF
Change Component Parameter Comment in E5 Old= New=10118193-0001LF
Change Component Parameter Description in E5 Old=Weidmüller OMNIMATE Signal - series LSF LSF-SMT 3.50/02/90 3.5SN BK TU - 1824420000 New=Micro USB 2.0, Input Output Connectors, B TYPE RECEPTACLE
Change Component Parameter Description in E4 Old=Weidmüller OMNIMATE Signal - series LSF LSF-SMT 3.50/02/90 3.5SN BK TU - 1824420000 New=Micro USB 2.0, Input Output Connectors, B TYPE RECEPTACLE
Change Component Parameter Description in E3 Old=Weidmüller OMNIMATE Signal - series LSF LSF-SMT 3.50/02/90 3.5SN BK TU - 1824420000 New=Micro USB 2.0, Input Output Connectors, B TYPE RECEPTACLE
Change Component Parameter Description in E2 Old=Weidmüller OMNIMATE Signal - series LSF LSF-SMT 3.50/02/90 3.5SN BK TU - 1824420000 New=Micro USB 2.0, Input Output Connectors, B TYPE RECEPTACLE
Change Component Parameter Description in E1 Old=Weidmüller OMNIMATE Signal - series LSF LSF-SMT 3.50/02/90 3.5SN BK TU - 1824420000 New=Micro USB 2.0, Input Output Connectors, B TYPE RECEPTACLE
Change Component Parameter Library Reference in E1 Old=CMP-002-00072-1 New=10118193-0001LF
Change Component Parameter Library Reference in E5 Old=CMP-002-00072-1 New=10118193-0001LF
Change Component Parameter Library Reference in E3 Old=CMP-002-00072-1 New=10118193-0001LF
Change Component Parameter Library Reference in E2 Old=CMP-002-00072-1 New=10118193-0001LF
Change Component Parameter Library Reference in E4 Old=CMP-002-00072-1 New=10118193-0001LF
Added Parameter Availability=In Stock to Part E1
Added Parameter Availability=In Stock to Part E2
Added Parameter Availability=In Stock to Part E3
Added Parameter Availability=In Stock to Part E4
Added Parameter Availability=In Stock to Part E5
Added Parameter Check_prices=https://www.snapeda.com/parts/10118193-0001LF/Amphenol+FCI/view-part/?ref=eda to Part E1
Added Parameter Check_prices=https://www.snapeda.com/parts/10118193-0001LF/Amphenol+FCI/view-part/?ref=eda to Part E2
Added Parameter Check_prices=https://www.snapeda.com/parts/10118193-0001LF/Amphenol+FCI/view-part/?ref=eda to Part E3
Added Parameter Check_prices=https://www.snapeda.com/parts/10118193-0001LF/Amphenol+FCI/view-part/?ref=eda to Part E4
Added Parameter Check_prices=https://www.snapeda.com/parts/10118193-0001LF/Amphenol+FCI/view-part/?ref=eda to Part E5
Added Parameter MF=Amphenol ICC to Part E1
Added Parameter MF=Amphenol ICC to Part E2
Added Parameter MF=Amphenol ICC to Part E3
Added Parameter MF=Amphenol ICC to Part E4
Added Parameter MF=Amphenol ICC to Part E5
Added Parameter MP=10118193-0001LF to Part E1
Added Parameter MP=10118193-0001LF to Part E2
Added Parameter MP=10118193-0001LF to Part E3
Added Parameter MP=10118193-0001LF to Part E4
Added Parameter MP=10118193-0001LF to Part E5
Added Parameter Package=None to Part E1
Added Parameter Package=None to Part E2
Added Parameter Package=None to Part E3
Added Parameter Package=None to Part E4
Added Parameter Package=None to Part E5
Added Parameter Price=None to Part E1
Added Parameter Price=None to Part E2
Added Parameter Price=None to Part E3
Added Parameter Price=None to Part E4
Added Parameter Price=None to Part E5
Added Parameter Purchase-URL=https://pricing.snapeda.com/search/part/10118193-0001LF/?ref=eda to Part E1
Added Parameter Purchase-URL=https://pricing.snapeda.com/search/part/10118193-0001LF/?ref=eda to Part E2
Added Parameter Purchase-URL=https://pricing.snapeda.com/search/part/10118193-0001LF/?ref=eda to Part E3
Added Parameter Purchase-URL=https://pricing.snapeda.com/search/part/10118193-0001LF/?ref=eda to Part E4
Added Parameter Purchase-URL=https://pricing.snapeda.com/search/part/10118193-0001LF/?ref=eda to Part E5
Added Parameter SnapEDA_Link=https://www.snapeda.com/parts/10118193-0001LF/Amphenol+FCI/view-part/?ref=snap to Part E1
Added Parameter SnapEDA_Link=https://www.snapeda.com/parts/10118193-0001LF/Amphenol+FCI/view-part/?ref=snap to Part E2
Added Parameter SnapEDA_Link=https://www.snapeda.com/parts/10118193-0001LF/Amphenol+FCI/view-part/?ref=snap to Part E3
Added Parameter SnapEDA_Link=https://www.snapeda.com/parts/10118193-0001LF/Amphenol+FCI/view-part/?ref=snap to Part E4
Added Parameter SnapEDA_Link=https://www.snapeda.com/parts/10118193-0001LF/Amphenol+FCI/view-part/?ref=snap to Part E5
Added Parameter Value= to Part E1
Added Parameter Value= to Part E2
Added Parameter Value= to Part E3
Added Parameter Value= to Part E4
Added Parameter Value= to Part E5
Replace Part E1 10118193-0001LF in D:\LocalDocuments\Projects\SeniorDesign-Group9-Schematics\Power\power.SchDoc with 10118193-0001LF from 10118193-0001LF.SchLib
Replace Part E2 10118193-0001LF in D:\LocalDocuments\Projects\SeniorDesign-Group9-Schematics\Power\power.SchDoc with 10118193-0001LF from 10118193-0001LF.SchLib
Replace Part E3 10118193-0001LF in D:\LocalDocuments\Projects\SeniorDesign-Group9-Schematics\Power\power.SchDoc with 10118193-0001LF from 10118193-0001LF.SchLib
Replace Part E4 10118193-0001LF in D:\LocalDocuments\Projects\SeniorDesign-Group9-Schematics\Power\power.SchDoc with 10118193-0001LF from 10118193-0001LF.SchLib
Replace Part E5 10118193-0001LF in D:\LocalDocuments\Projects\SeniorDesign-Group9-Schematics\Power\power.SchDoc with 10118193-0001LF from 10118193-0001LF.SchLib
