Change Component Designator: Old Designator=BT? New Designator=BT1
Change Component Designator: Old Designator=C? New Designator=C1
Change Component Designator: Old Designator=C? New Designator=C2
Change Component Designator: Old Designator=C? New Designator=C3
Change Component Designator: Old Designator=C? New Designator=C4
Change Component Designator: Old Designator=C? New Designator=C5
Change Component Designator: Old Designator=C? New Designator=C6
Change Component Designator: Old Designator=C? New Designator=C7
Change Component Designator: Old Designator=C? New Designator=C8
Change Component Designator: Old Designator=C? New Designator=C9
Change Component Designator: Old Designator=C? New Designator=C10
Change Component Designator: Old Designator=C? New Designator=C11
Change Component Designator: Old Designator=C? New Designator=C12
Change Component Designator: Old Designator=C? New Designator=C13
Change Component Designator: Old Designator=C? New Designator=C14
Change Component Designator: Old Designator=C? New Designator=C15
Change Component Designator: Old Designator=C? New Designator=C16
Change Component Designator: Old Designator=C? New Designator=C17
Change Component Designator: Old Designator=C? New Designator=C18
Change Component Designator: Old Designator=C? New Designator=C19
Change Component Designator: Old Designator=C? New Designator=C20
Change Component Designator: Old Designator=C? New Designator=C21
Change Component Designator: Old Designator=C? New Designator=C22
Change Component Designator: Old Designator=C? New Designator=C23
Change Component Designator: Old Designator=C? New Designator=C24
Change Component Designator: Old Designator=C? New Designator=C25
Change Component Designator: Old Designator=C? New Designator=C26
Change Component Designator: Old Designator=C? New Designator=C27
Change Component Designator: Old Designator=Cbias_? New Designator=Cbias_1
Change Component Designator: Old Designator=Cbias_? New Designator=Cbias_2
Change Component Designator: Old Designator=Cbias_? New Designator=Cbias_3
Change Component Designator: Old Designator=Cbias_? New Designator=Cbias_4
Change Component Designator: Old Designator=Cboot_? New Designator=Cboot_1
Change Component Designator: Old Designator=Cboot_? New Designator=Cboot_2
Change Component Designator: Old Designator=Cboot_? New Designator=Cboot_3
Change Component Designator: Old Designator=Cboot_? New Designator=Cboot_4
Change Component Designator: Old Designator=Ccomp_? New Designator=Ccomp_1
Change Component Designator: Old Designator=Ccomp_? New Designator=Ccomp_2
Change Component Designator: Old Designator=Cf_? New Designator=Cf_1
Change Component Designator: Old Designator=Cin_? New Designator=Cin_1
Change Component Designator: Old Designator=Cin_? New Designator=Cin_2
Change Component Designator: Old Designator=Cin_? New Designator=Cin_3
Change Component Designator: Old Designator=Cin_? New Designator=Cin_4
Change Component Designator: Old Designator=Cin_? New Designator=Cin_5
Change Component Designator: Old Designator=Cin_? New Designator=Cin_6
Change Component Designator: Old Designator=Cin_? New Designator=Cin_7
Change Component Designator: Old Designator=Cin_? New Designator=Cin_8
Change Component Designator: Old Designator=Cin_? New Designator=Cin_9
Change Component Designator: Old Designator=Cout_? New Designator=Cout_1
Change Component Designator: Old Designator=Cout_? New Designator=Cout_2
Change Component Designator: Old Designator=Cout_? New Designator=Cout_3
Change Component Designator: Old Designator=Cout_? New Designator=Cout_4
Change Component Designator: Old Designator=Coutx_? New Designator=Coutx_1
Change Component Designator: Old Designator=Coutx_? New Designator=Coutx_2
Change Component Designator: Old Designator=Coutx_? New Designator=Coutx_3
Change Component Designator: Old Designator=Coutx_? New Designator=Coutx_4
Change Component Designator: Old Designator=Coutx_? New Designator=Coutx_5
Change Component Designator: Old Designator=Coutx_? New Designator=Coutx_6
Change Component Designator: Old Designator=Coutx_? New Designator=Coutx_7
Change Component Designator: Old Designator=Coutx_? New Designator=Coutx_8
Change Component Designator: Old Designator=Dboot_? New Designator=Dboot_1
Change Component Designator: Old Designator=Df_? New Designator=Df_1
Change Component Designator: Old Designator=L? New Designator=L1
Change Component Designator: Old Designator=L? New Designator=L2
Change Component Designator: Old Designator=L? New Designator=L3
Change Component Designator: Old Designator=Q? New Designator=Q1
Change Component Designator: Old Designator=Q? New Designator=Q2
Change Component Designator: Old Designator=Q? New Designator=Q3
Change Component Designator: Old Designator=Q? New Designator=Q4
Change Component Designator: Old Designator=Q? New Designator=Q5
Change Component Designator: Old Designator=Q? New Designator=Q6
Change Component Designator: Old Designator=Q? New Designator=Q7
Change Component Designator: Old Designator=Q? New Designator=Q8
Change Component Designator: Old Designator=Q? New Designator=Q9
Change Component Designator: Old Designator=R? New Designator=R1
Change Component Designator: Old Designator=R? New Designator=R2
Change Component Designator: Old Designator=R? New Designator=R3
Change Component Designator: Old Designator=R? New Designator=R4
Change Component Designator: Old Designator=R? New Designator=R5
Change Component Designator: Old Designator=R? New Designator=R6
Change Component Designator: Old Designator=R? New Designator=R7
Change Component Designator: Old Designator=R? New Designator=R8
Change Component Designator: Old Designator=R? New Designator=R9
Change Component Designator: Old Designator=R? New Designator=R10
Change Component Designator: Old Designator=R? New Designator=R11
Change Component Designator: Old Designator=R? New Designator=R12
Change Component Designator: Old Designator=R? New Designator=R13
Change Component Designator: Old Designator=R? New Designator=R14
Change Component Designator: Old Designator=R? New Designator=R15
Change Component Designator: Old Designator=Rf_? New Designator=Rf_1
Change Component Designator: Old Designator=Rfbb_? New Designator=Rfbb_1
Change Component Designator: Old Designator=Rfbb_? New Designator=Rfbb_2
Change Component Designator: Old Designator=Rfbb_? New Designator=Rfbb_3
Change Component Designator: Old Designator=Rfbt_? New Designator=Rfbt_1
Change Component Designator: Old Designator=Rfbt_? New Designator=Rfbt_2
Change Component Designator: Old Designator=Rfbt_? New Designator=Rfbt_3
Change Component Designator: Old Designator=Rpg_? New Designator=Rpg_1
Change Component Designator: Old Designator=Rpg_? New Designator=Rpg_2
Change Component Designator: Old Designator=Rpg_? New Designator=Rpg_3
Change Component Designator: Old Designator=Ruvb_? New Designator=Ruvb_1
Change Component Designator: Old Designator=Ruvt_? New Designator=Ruvt_1
Change Component Designator: Old Designator=TP? New Designator=TP1
Change Component Designator: Old Designator=TP? New Designator=TP2
Change Component Designator: Old Designator=TP? New Designator=TP3
Change Component Designator: Old Designator=TP? New Designator=TP4
Change Component Designator: Old Designator=TP? New Designator=TP5
Change Component Designator: Old Designator=TP? New Designator=TP6
Change Component Designator: Old Designator=U? New Designator=U1
Change Component Designator: Old Designator=U? New Designator=U2
Change Component Designator: Old Designator=U? New Designator=U3
